1670069863808	geckodriver	INFO	Listening on 127.0.0.1:56348
1670069866755	mozrunner::runner	INFO	Running command: "C:\\Program Files\\Mozilla Firefox\\firefox.exe" "--marionette" "--remote-debugging-port" "56349" "--remote-allow-hosts" "localhost" "-no-remote" "-profile" "C:\\Users\\Alkesh\\AppData\\Local\\Temp\\rust_mozprofileowkGxU"
1670069874003	Marionette	INFO	Marionette enabled
1670069874016	Marionette	INFO	Listening on port 56363
Read port: 56363
WebDriver BiDi listening on ws://127.0.0.1:56349
1670069874698	RemoteAgent	WARN	TLS certificate errors will be ignored for this session
console.warn: SearchSettings: "get: No settings file exists, new profile?" (new NotFoundError("Could not open the file at C:\\Users\\Alkesh\\AppData\\Local\\Temp\\rust_mozprofileowkGxU\\search.json.mozlz4", (void 0)))
DevTools listening on ws://127.0.0.1:56349/devtools/browser/85d4eaee-8a9a-43c5-82f3-5502aa07c5f8
JavaScript error: https://file-examples.com/wp-content/themes/file-examples/vendor/jquery/jquery.min.js, line 2: Error: Syntax error, unrecognized expression: https://file-examples.com/wp-content/uploads/2017/02/file-sample_100kB.doc
JavaScript warning: https://pagead2.googlesyndication.com/bg/Cy76TGYNwlBdeFKzRh_Qc2a075RKB_J9dWAUlCdaUYI.js line 2 > eval line 6548 > eval line 1 > eval line 1 > eval, line 1: WEBGL_debug_renderer_info is deprecated in Firefox and will be removed. Please use RENDERER.
JavaScript error: , line 0: TypeError: NetworkError when attempting to fetch resource.
JavaScript error: , line 0: TypeError: NetworkError when attempting to fetch resource.
JavaScript error: , line 0: TypeError: NetworkError when attempting to fetch resource.
JavaScript error: , line 0: NS_ERROR_NOT_AVAILABLE
1670071463889	Marionette	INFO	Stopped listening on port 56363
console.warn: TopSitesFeed: Failed to fetch data from Contile server: NetworkError when attempting to fetch resource.
1670075501988	geckodriver	INFO	Listening on 127.0.0.1:62933
1670075505109	mozrunner::runner	INFO	Running command: "C:\\Program Files\\Mozilla Firefox\\firefox.exe" "--marionette" "--remote-debugging-port" "62934" "--remote-allow-hosts" "localhost" "-no-remote" "-profile" "C:\\Users\\Alkesh\\AppData\\Local\\Temp\\rust_mozprofilebhLbR8"
1670075509843	Marionette	INFO	Marionette enabled
1670075509899	Marionette	INFO	Listening on port 62950
Read port: 62950
WebDriver BiDi listening on ws://127.0.0.1:62934
1670075510826	RemoteAgent	WARN	TLS certificate errors will be ignored for this session
console.warn: SearchSettings: "get: No settings file exists, new profile?" (new NotFoundError("Could not open the file at C:\\Users\\Alkesh\\AppData\\Local\\Temp\\rust_mozprofilebhLbR8\\search.json.mozlz4", (void 0)))
DevTools listening on ws://127.0.0.1:62934/devtools/browser/8690889b-7a66-4e7d-81d3-0ee124f204a9
JavaScript warning: https://pagead2.googlesyndication.com/bg/api979c0EJY6QQNrS8TSWwgKrshdt-vRMqEtOqF-hYY.js line 2 > eval line 1055 > eval line 1 > eval line 1 > eval, line 1: WEBGL_debug_renderer_info is deprecated in Firefox and will be removed. Please use RENDERER.
JavaScript error: https://file-examples.com/wp-content/themes/file-examples/vendor/jquery/jquery.min.js, line 2: Error: Syntax error, unrecognized expression: https://file-examples.com/wp-content/uploads/2017/10/file-sample_150kB.pdf
1670075533514	Marionette	WARN	TimedPromise timed out after 500 ms: stacktrace:
TimedPromise/<@chrome://remote/content/marionette/sync.sys.mjs:220:24
TimedPromise@chrome://remote/content/marionette/sync.sys.mjs:205:10
interaction.flushEventLoop@chrome://remote/content/marionette/interaction.sys.mjs:425:10
webdriverClickElement@chrome://remote/content/marionette/interaction.sys.mjs:173:31
JavaScript warning: https://pagead2.googlesyndication.com/bg/api979c0EJY6QQNrS8TSWwgKrshdt-vRMqEtOqF-hYY.js line 2 > eval line 5771 > eval line 1 > eval line 1 > eval, line 1: WEBGL_debug_renderer_info is deprecated in Firefox and will be removed. Please use RENDERER.
1670075588036	Marionette	INFO	Stopped listening on port 62950
console.warn: TopSitesFeed: Failed to fetch data from Contile server: NetworkError when attempting to fetch resource.
JavaScript error: , line 0: TypeError: NetworkError when attempting to fetch resource.
JavaScript error: , line 0: TypeError: NetworkError when attempting to fetch resource.
JavaScript error: , line 0: TypeError: NetworkError when attempting to fetch resource.
Marionette threw an error: NoBrowsingContext: No BrowsingContext found
getMarionetteCommandsActorProxy/get/<@chrome://remote/content/marionette/actors/MarionetteCommandsParent.sys.mjs:317:23
observe@resource://gre/modules/AsyncShutdown.jsm:574:16

JavaScript error: resource://gre/modules/AsyncShutdown.jsm, line 717: Error: Phase "Sqlite.jsm: wait until all connections are closed" is finished, it is too late to register completion condition "protections.sqlite#0: waiting for shutdown"
1670075598019	geckodriver	INFO	Listening on 127.0.0.1:63084
1670075601065	mozrunner::runner	INFO	Running command: "C:\\Program Files\\Mozilla Firefox\\firefox.exe" "--marionette" "--remote-debugging-port" "63085" "--remote-allow-hosts" "localhost" "-no-remote" "-profile" "C:\\Users\\Alkesh\\AppData\\Local\\Temp\\rust_mozprofileREIxB6"
1670075601843	Marionette	INFO	Marionette enabled
1670075601852	Marionette	INFO	Listening on port 63096
Read port: 63096
WebDriver BiDi listening on ws://127.0.0.1:63085
1670075604455	RemoteAgent	WARN	TLS certificate errors will be ignored for this session
console.warn: SearchSettings: "get: No settings file exists, new profile?" (new NotFoundError("Could not open the file at C:\\Users\\Alkesh\\AppData\\Local\\Temp\\rust_mozprofileREIxB6\\search.json.mozlz4", (void 0)))
DevTools listening on ws://127.0.0.1:63085/devtools/browser/609c551c-9c5a-434e-b7b4-d473936c34bb
JavaScript error: https://file-examples.com/wp-content/themes/file-examples/vendor/jquery/jquery.min.js, line 2: Error: Syntax error, unrecognized expression: https://file-examples.com/wp-content/uploads/2017/10/file-sample_150kB.pdf
JavaScript warning: https://pagead2.googlesyndication.com/bg/api979c0EJY6QQNrS8TSWwgKrshdt-vRMqEtOqF-hYY.js line 2 > eval line 4975 > eval line 1 > eval line 1 > eval, line 1: WEBGL_debug_renderer_info is deprecated in Firefox and will be removed. Please use RENDERER.
JavaScript error: , line 0: TypeError: NetworkError when attempting to fetch resource.
JavaScript error: , line 0: TypeError: NetworkError when attempting to fetch resource.
JavaScript error: , line 0: TypeError: NetworkError when attempting to fetch resource.
JavaScript error: resource://gre/modules/pdfjs.js, line 31: NS_ERROR_FACTORY_NOT_REGISTERED: 
JavaScript error: resource://gre/modules/pdfjs.js, line 31: NS_ERROR_FACTORY_NOT_REGISTERED: 
1670075791832	Marionette	INFO	Stopped listening on port 63096
console.warn: TopSitesFeed: Failed to fetch data from Contile server: NetworkError when attempting to fetch resource.
remote-debugging-port" "63257" "--remote-allow-hosts" "localhost" "-no-remote" "-profile" "C:\\Users\\Alkesh\\AppData\\Local\\Temp\\rust_mozprofileNEHRUX"
1670075691966	Marionette	INFO	Marionette enabled
1670075692056	Marionette	INFO	Listening on port 63270
WebDriver BiDi listening on ws://127.0.0.1:63257
Read port: 63270
1670075692793	RemoteAgent	WARN	TLS certificate errors will be ignored for this session
console.warn: SearchSettings: "get: No settings file exists, new profile?" (new NotFoundError("Could not open the file at C:\\Users\\Alkesh\\AppData\\Local\\Temp\\rust_mozprofileNEHRUX\\search.json.mozlz4", (void 0)))
DevTools listening on ws://127.0.0.1:63257/devtools/browser/1c11cc8b-a1f7-4b7d-9b30-947b7ecd3d61
JavaScript warning: https://pagead2.googlesyndication.com/bg/api979c0EJY6QQNrS8TSWwgKrshdt-vRMqEtOqF-hYY.js line 2 > eval line 353 > eval line 1 > eval line 1 > eval, line 1: WEBGL_debug_renderer_info is deprecated in Firefox and will be removed. Please use RENDERER.
JavaScript error: https://file-examples.com/wp-content/themes/file-examples/vendor/jquery/jquery.min.js, line 2: Error: Syntax error, unrecognized expression: https://file-examples.com/wp-content/uploads/2017/10/file-sample_150kB.pdf
JavaScript warning: https://pagead2.googlesyndication.com/bg/api979c0EJY6QQNrS8TSWwgKrshdt-vRMqEtOqF-hYY.js line 2 > eval line 445 > eval line 1 > eval line 1 > eval, line 1: WEBGL_debug_renderer_info is deprecated in Firefox and will be removed. Please use RENDERER.
JavaScript error: , line 0: TypeError: NetworkError when attempting to fetch resource.
JavaScript error: , line 0: TypeError: NetworkError when attempting to fetch resource.
JavaScript error: , line 0: TypeError: NetworkError when attempting to fetch resource.
JavaScript error: resource://gre/modules/pdfjs.js, line 31: NS_ERROR_FACTORY_NOT_REGISTERED: 
JavaScript error: resource://gre/modules/pdfjs.js, line 31: NS_ERROR_FACTORY_NOT_REGISTERED: 
1670075793547	Marionette	INFO	Stopped listening on port 63270
console.warn: TopSitesFeed: Failed to fetch data from Contile server: NetworkError when attempting to fetch resource.
1670076313567	geckodriver	INFO	Listening on 127.0.0.1:63807
1670076316670	mozrunner::runner	INFO	Running command: "C:\\Program Files\\Mozilla Firefox\\firefox.exe" "--marionette" "-headless" "--remote-debugging-port" "63808" "--remote-allow-hosts" "localhost" "-no-remote" "-profile" "C:\\Users\\Alkesh\\AppData\\Local\\Temp\\rust_mozprofileQ3nwH6"
*** You are running in headless mode.
1670076318382	Marionette	INFO	Marionette enabled
1670076318390	Marionette	INFO	Listening on port 63824
WebDriver BiDi listening on ws://127.0.0.1:63808
Read port: 63824
1670076320003	RemoteAgent	WARN	TLS certificate errors will be ignored for this session
[GFX1-]: RenderCompositorSWGL failed mapping default framebuffer, no dt
console.warn: SearchSettings: "get: No settings file exists, new profile?" (new NotFoundError("Could not open the file at C:\\Users\\Alkesh\\AppData\\Local\\Temp\\rust_mozprofileQ3nwH6\\search.json.mozlz4", (void 0)))
DevTools listening on ws://127.0.0.1:63808/devtools/browser/f4534452-c949-46a3-99f2-391c41d04e45
JavaScript warning: https://pagead2.googlesyndication.com/bg/api979c0EJY6QQNrS8TSWwgKrshdt-vRMqEtOqF-hYY.js line 2 > eval line 5834 > eval line 1 > eval line 1 > eval, line 1: WEBGL_debug_renderer_info is deprecated in Firefox and will be removed. Please use RENDERER.
JavaScript warning: https://pagead2.googlesyndication.com/bg/api979c0EJY6QQNrS8TSWwgKrshdt-vRMqEtOqF-hYY.js line 2 > eval line 3067 > eval line 1 > eval line 1 > eval, line 1: WEBGL_debug_renderer_info is deprecated in Firefox and will be removed. Please use RENDERER.
JavaScript warning: https://pagead2.googlesyndication.com/bg/api979c0EJY6QQNrS8TSWwgKrshdt-vRMqEtOqF-hYY.js line 2 > eval line 128 > eval line 1 > eval line 1 > eval, line 1: WEBGL_debug_renderer_info is deprecated in Firefox and will be removed. Please use RENDERER.
